<?xml version="1.0" encoding="UTF-8"?>
<!-- Generated by org.testng.reporters.JUnitXMLReporter -->
<testsuite hostname="Garys-MacBook-Pro.local" ignored="0" name="Command line test" tests="4" failures="0" timestamp="07 Jul 2019 09:41:18 GMT" time="0.04" errors="0">
  <testcase name="substract_test_2_param" time="0.015" classname="core.SubstractTest"/>
  <testcase name="substract_test_3_param" time="0.001" classname="core.SubstractTest"/>
  <testcase name="substract_test_4_param" time="0.0" classname="core.SubstractTest"/>
  <testcase name="substract_test_instanceOf" time="0.001" classname="core.SubstractTest"/>
</testsuite> <!-- Command line test -->
